<?xml version="1.0" encoding="UTF-8"?>
<!-- Generated by org.testng.reporters.JUnitReportReporter -->
<testsuite hostname="Venkatesan" failures="0" tests="1" name="com.Testcases.DatabaseSearch" time="6.055" errors="0" timestamp="2024-07-31T17:39:41 IST" skipped="0">
  <testcase classname="com.Testcases.DatabaseSearch" name="TC001_DatabaseSearch" time="6.055"/>
</testsuite> <!-- com.Testcases.DatabaseSearch -->
